[debug] [2021-12-28T13:32:55.337Z] ----------------------------------------------------------------------
[debug] [2021-12-28T13:32:55.343Z] Command:       C:\Program Files\nodejs\node.exe C:\Users\dubzy\AppData\Roaming\npm\node_modules\firebase-tools\lib\bin\firebase.js deploy
[debug] [2021-12-28T13:32:55.345Z] CLI Version:   10.0.1
[debug] [2021-12-28T13:32:55.345Z] Platform:      win32
[debug] [2021-12-28T13:32:55.346Z] Node Version:  v16.13.0
[debug] [2021-12-28T13:32:55.425Z] Time:          Tue Dec 28 2021 14:32:55 GMT+0100 (West Africa Standard Time)
[debug] [2021-12-28T13:32:55.426Z] ----------------------------------------------------------------------
[debug] 
[debug] [2021-12-28T13:32:55.693Z] > command requires scopes: ["email","openid","https://www.googleapis.com/auth/cloudplatformprojects.readonly","https://www.googleapis.com/auth/firebase","https://www.googleapis.com/auth/cloud-platform"]
[debug] [2021-12-28T13:32:55.694Z] > authorizing via signed-in user (mightyeaglecorp@gmail.com)
[debug] [2021-12-28T13:32:55.694Z] [iam] checking project me-school-b65bb for permissions ["firebase.projects.get","firebasehosting.sites.update"]
[debug] [2021-12-28T13:32:55.699Z] > refreshing access token with scopes: ["email","https://www.googleapis.com/auth/cloud-platform","https://www.googleapis.com/auth/cloudplatformprojects.readonly","https://www.googleapis.com/auth/firebase","openid"]
[debug] [2021-12-28T13:32:55.700Z] >>> HTTP REQUEST POST https://www.googleapis.com/oauth2/v3/token  
 <request body omitted>
[debug] [2021-12-28T13:33:04.187Z] <<< HTTP RESPONSE 200 {"date":"Tue, 28 Dec 2021 13:33:05 GMT","cache-control":"no-cache, no-store, max-age=0, must-revalidate","expires":"Mon, 01 Jan 1990 00:00:00 GMT","pragma":"no-cache","content-type":"application/json; charset=utf-8","vary":"X-Origin, Referer, Origin,Accept-Encoding","server":"scaffolding on HTTPServer2","x-xss-protection":"0","x-frame-options":"SAMEORIGIN","x-content-type-options":"nosniff","alt-svc":"h3=\":443\"; ma=2592000,h3-29=\":443\"; ma=2592000,h3-Q050=\":443\"; ma=2592000,h3-Q046=\":443\"; ma=2592000,h3-Q043=\":443\"; ma=2592000,quic=\":443\"; ma=2592000; v=\"46,43\"","accept-ranges":"none","transfer-encoding":"chunked"}
[debug] [2021-12-28T13:33:04.311Z] >>> HTTP REQUEST POST https://cloudresourcemanager.googleapis.com/v1/projects/me-school-b65bb:testIamPermissions  
 {"permissions":["firebase.projects.get","firebasehosting.sites.update"]}
[debug] [2021-12-28T13:33:09.002Z] <<< HTTP RESPONSE 200 {"content-type":"application/json; charset=UTF-8","vary":"X-Origin, Referer, Origin,Accept-Encoding","date":"Tue, 28 Dec 2021 13:33:10 GMT","server":"ESF","cache-control":"private","x-xss-protection":"0","x-frame-options":"SAMEORIGIN","x-content-type-options":"nosniff","server-timing":"gfet4t7; dur=1144","alt-svc":"h3=\":443\"; ma=2592000,h3-29=\":443\"; ma=2592000,h3-Q050=\":443\"; ma=2592000,h3-Q046=\":443\"; ma=2592000,h3-Q043=\":443\"; ma=2592000,quic=\":443\"; ma=2592000; v=\"46,43\"","accept-ranges":"none","transfer-encoding":"chunked"}
[debug] [2021-12-28T13:33:09.014Z] > refreshing access token with scopes: []
[debug] [2021-12-28T13:33:09.016Z] >>> HTTP REQUEST POST https://www.googleapis.com/oauth2/v3/token  
 <request body omitted>
[debug] [2021-12-28T13:33:17.637Z] <<< HTTP RESPONSE 200 {"cache-control":"no-cache, no-store, max-age=0, must-revalidate","expires":"Mon, 01 Jan 1990 00:00:00 GMT","pragma":"no-cache","date":"Tue, 28 Dec 2021 13:33:19 GMT","content-type":"application/json; charset=utf-8","vary":"X-Origin, Referer, Origin,Accept-Encoding","server":"scaffolding on HTTPServer2","x-xss-protection":"0","x-frame-options":"SAMEORIGIN","x-content-type-options":"nosniff","alt-svc":"h3=\":443\"; ma=2592000,h3-29=\":443\"; ma=2592000,h3-Q050=\":443\"; ma=2592000,h3-Q046=\":443\"; ma=2592000,h3-Q043=\":443\"; ma=2592000,quic=\":443\"; ma=2592000; v=\"46,43\"","accept-ranges":"none","transfer-encoding":"chunked"}
[debug] [2021-12-28T13:33:17.776Z] >>> [apiv2][query] GET https://firebase.googleapis.com/v1beta1/projects/me-school-b65bb [none]
[debug] [2021-12-28T13:33:36.598Z] Failed to make request to https://firebase.googleapis.com/v1beta1/projects/me-school-b65bb
[debug] [2021-12-28T13:33:48.675Z] FirebaseError: Failed to make request to https://firebase.googleapis.com/v1beta1/projects/me-school-b65bb
    at Client.doRequest (C:\Users\dubzy\AppData\Roaming\npm\node_modules\firebase-tools\lib\apiv2.js:213:19)
    at processTicksAndRejections (node:internal/process/task_queues:96:5)
    at async Client.request (C:\Users\dubzy\AppData\Roaming\npm\node_modules\firebase-tools\lib\apiv2.js:96:20)
    at async Object.getFirebaseProject (C:\Users\dubzy\AppData\Roaming\npm\node_modules\firebase-tools\lib\management\projects.js:290:21)
    at async Object.getDefaultHostingSite (C:\Users\dubzy\AppData\Roaming\npm\node_modules\firebase-tools\lib\getDefaultHostingSite.js:8:21)
    at async requireHostingSite (C:\Users\dubzy\AppData\Roaming\npm\node_modules\firebase-tools\lib\requireHostingSite.js:9:18)
    at async Object.fn (C:\Users\dubzy\AppData\Roaming\npm\node_modules\firebase-tools\lib\commands\deploy.js:73:9)
    at async C:\Users\dubzy\AppData\Roaming\npm\node_modules\firebase-tools\lib\command.js:188:17
[error] 
[error] Error: Failed to get Firebase project me-school-b65bb. Please make sure the project exists and your account has permission to access it.
